<?xml version="1.0" encoding="UTF-8"?>
<!-- Generated by org.testng.reporters.JUnitXMLReporter -->
<testsuite hostname="Ayfers-MacBook-Pro.local" ignored="0" name="DarkSky Sanity Test" tests="3" failures="0" timestamp="18 Dec 2019 19:50:52 GMT" time="48.798" errors="0">
  <testcase name="timeMachine" time="14.393" classname="Tests.TimeMachineTestPage"/>
  <testcase name="currentTimeZone" time="4.542" classname="Tests.TimeZoneMainTestPage"/>
  <testcase name="timeLine" time="2.446" classname="Tests.TimeLineMainTestPage"/>
</testsuite> <!-- DarkSky Sanity Test -->
