<?xml version="1.0" encoding="UTF-8"?>
<testng-results skipped="0" failed="0" ignored="0" total="1" passed="1">
  <reporter-output>
  </reporter-output>
  <suite name="Default suite" duration-ms="13425" started-at="2019-12-31T03:20:19Z" finished-at="2019-12-31T03:20:32Z">
    <groups>
    </groups>
    <test name="Default test" duration-ms="13425" started-at="2019-12-31T03:20:19Z" finished-at="2019-12-31T03:20:32Z">
      <class name="Tests.TimeLineMainTestPage">
        <test-method status="PASS" signature="setUp()[pri:0, instance:Tests.TimeLineMainTestPage@3e6fa38a]" name="setUp" is-config="true" duration-ms="10816" started-at="2019-12-31T03:20:19Z" finished-at="2019-12-31T03:20:30Z">
          <reporter-output>
          </reporter-output>
        </test-method> <!-- setUp -->
        <test-method status="PASS" signature="timeLine()[pri:1, instance:Tests.TimeLineMainTestPage@3e6fa38a]" name="timeLine" duration-ms="2469" started-at="2019-12-31T03:20:30Z" finished-at="2019-12-31T03:20:32Z">
          <reporter-output>
          </reporter-output>
        </test-method> <!-- timeLine -->
        <test-method status="PASS" signature="tearDown()[pri:0, instance:Tests.TimeLineMainTestPage@3e6fa38a]" name="tearDown" is-config="true" duration-ms="119" started-at="2019-12-31T03:20:32Z" finished-at="2019-12-31T03:20:32Z">
          <reporter-output>
          </reporter-output>
        </test-method> <!-- tearDown -->
      </class> <!-- Tests.TimeLineMainTestPage -->
    </test> <!-- Default test -->
  </suite> <!-- Default suite -->
</testng-results>
