<?xml version="1.0" encoding="UTF-8"?>
<!-- Generated by org.testng.reporters.JUnitXMLReporter -->
<testsuite hostname="Ayfers-MacBook-Pro.local" ignored="0" name="Verizon Sanity Test" tests="6" failures="0" timestamp="20 Nov 2019 22:36:34 GMT" time="72.899" errors="0">
  <testcase name="getTitle" time="0.036" classname="Tests.VerizonShopMainPageTest"/>
  <testcase name="getTitle" time="0.017" classname="Tests.VerizonTabletComparePageTest"/>
  <testcase name="deviceName" time="0.046" classname="Tests.VerizonSelectedDevicePageTest"/>
  <testcase name="doSendAndClick" time="2.502" classname="Tests.VerizonShopMainPageTest"/>
  <testcase name="doSendAndClick" time="5.328" classname="Tests.VerizonTabletComparePageTest"/>
  <testcase name="doSendAndClick" time="4.352" classname="Tests.VerizonSelectedDevicePageTest"/>
</testsuite> <!-- Verizon Sanity Test -->
